<?xml version="1.0" encoding="UTF-8"?>
<!-- Generated by org.testng.reporters.JUnitReportReporter -->
<testsuite hostname="ananya" failures="0" tests="18" name="demo1.RegisterAccountTests" time="5.786" errors="1" timestamp="2024-07-24T15:02:47 IST" skipped="17">
  <testcase classname="demo1.RegisterAccountTests" name="setup" time="5.784">
    <error message="no such element: Unable to locate element: {&quot;method&quot;:&quot;xpath&quot;,&quot;selector&quot;:&quot;//span[text()=&#039;My Account&#039;]&quot;}
  (Session info: chrome=126.0.6478.183)
For documentation on this error, please visit: https://www.selenium.dev/documentation/webdriver/troubleshooting/errors#no-such-element-exception
Build info: version: &#039;4.22.0&#039;, revision: &#039;c5f3146703&#039;
System info: os.name: &#039;Windows 11&#039;, os.arch: &#039;amd64&#039;, os.version: &#039;10.0&#039;, java.version: &#039;19.0.2&#039;
Driver info: org.openqa.selenium.chrome.ChromeDriver
Command: [82ada6d409df298ab5151adbda9bf820, findElement {value=//span[text()=&#039;My Account&#039;], using=xpath}]
Capabilities {acceptInsecureCerts: false, browserName: chrome, browserVersion: 126.0.6478.183, chrome: {chromedriverVersion: 126.0.6478.182 (5b5d8292ddf..., userDataDir: C:\Users\user\AppData\Local...}, fedcm:accounts: true, goog:chromeOptions: {debuggerAddress: localhost:55639}, networkConnectionEnabled: false, pageLoadStrategy: normal, platformName: windows, proxy: Proxy(), se:cdp: ws://localhost:55639/devtoo..., se:cdpVersion: 126.0.6478.183, setWindowRect: true, strictFileInteractability: false, timeouts: {implicit: 0, pageLoad: 300000, script: 30000}, unhandledPromptBehavior: dismiss and notify, webauthn:extension:credBlob: true, webauthn:extension:largeBlob: true, webauthn:extension:minPinLength: true, webauthn:extension:prf: true, webauthn:virtualAuthenticators: true}
Session ID: 82ada6d409df298ab5151adbda9bf820" type="org.openqa.selenium.NoSuchElementException">
      <![CDATA[org.openqa.selenium.NoSuchElementException: no such element: Unable to locate element: {"method":"xpath","selector":"//span[text()='My Account']"}
  (Session info: chrome=126.0.6478.183)
For documentation on this error, please visit: https://www.selenium.dev/documentation/webdriver/troubleshooting/errors#no-such-element-exception
Build info: version: '4.22.0', revision: 'c5f3146703'
System info: os.name: 'Windows 11', os.arch: 'amd64', os.version: '10.0', java.version: '19.0.2'
Driver info: org.openqa.selenium.chrome.ChromeDriver
Command: [82ada6d409df298ab5151adbda9bf820, findElement {value=//span[text()='My Account'], using=xpath}]
Capabilities {acceptInsecureCerts: false, browserName: chrome, browserVersion: 126.0.6478.183, chrome: {chromedriverVersion: 126.0.6478.182 (5b5d8292ddf..., userDataDir: C:\Users\user\AppData\Local...}, fedcm:accounts: true, goog:chromeOptions: {debuggerAddress: localhost:55639}, networkConnectionEnabled: false, pageLoadStrategy: normal, platformName: windows, proxy: Proxy(), se:cdp: ws://localhost:55639/devtoo..., se:cdpVersion: 126.0.6478.183, setWindowRect: true, strictFileInteractability: false, timeouts: {implicit: 0, pageLoad: 300000, script: 30000}, unhandledPromptBehavior: dismiss and notify, webauthn:extension:credBlob: true, webauthn:extension:largeBlob: true, webauthn:extension:minPinLength: true, webauthn:extension:prf: true, webauthn:virtualAuthenticators: true}
Session ID: 82ada6d409df298ab5151adbda9bf820
at java.base/jdk.internal.reflect.DirectConstructorHandleAccessor.newInstance(DirectConstructorHandleAccessor.java:67)
at java.base/java.lang.reflect.Constructor.newInstanceWithCaller(Constructor.java:500)
at java.base/java.lang.reflect.Constructor.newInstance(Constructor.java:484)
at org.openqa.selenium.remote.ErrorCodec.decode(ErrorCodec.java:167)
at org.openqa.selenium.remote.codec.w3c.W3CHttpResponseCodec.decode(W3CHttpResponseCodec.java:138)
at org.openqa.selenium.remote.codec.w3c.W3CHttpResponseCodec.decode(W3CHttpResponseCodec.java:50)
at org.openqa.selenium.remote.HttpCommandExecutor.execute(HttpCommandExecutor.java:190)
at org.openqa.selenium.remote.service.DriverCommandExecutor.invokeExecute(DriverCommandExecutor.java:216)
at org.openqa.selenium.remote.service.DriverCommandExecutor.execute(DriverCommandExecutor.java:174)
at org.openqa.selenium.remote.RemoteWebDriver.execute(RemoteWebDriver.java:518)
at org.openqa.selenium.remote.ElementLocation$ElementFinder$2.findElement(ElementLocation.java:165)
at org.openqa.selenium.remote.ElementLocation.findElement(ElementLocation.java:59)
at org.openqa.selenium.remote.RemoteWebDriver.findElement(RemoteWebDriver.java:355)
at org.openqa.selenium.remote.RemoteWebDriver.findElement(RemoteWebDriver.java:349)
at demo1.RegisterAccountTests.setup(RegisterAccountTests.java:35)
at java.base/jdk.internal.reflect.DirectMethodHandleAccessor.invoke(DirectMethodHandleAccessor.java:104)
at java.base/java.lang.reflect.Method.invoke(Method.java:578)
at org.testng.internal.invokers.MethodInvocationHelper.invokeMethod(MethodInvocationHelper.java:141)
at org.testng.internal.invokers.MethodInvocationHelper.invokeMethodConsideringTimeout(MethodInvocationHelper.java:71)
at org.testng.internal.invokers.ConfigInvoker.invokeConfigurationMethod(ConfigInvoker.java:400)
at org.testng.internal.invokers.ConfigInvoker.invokeConfigurations(ConfigInvoker.java:333)
at org.testng.internal.invokers.TestInvoker.runConfigMethods(TestInvoker.java:833)
at org.testng.internal.invokers.TestInvoker.invokeMethod(TestInvoker.java:600)
at org.testng.internal.invokers.TestInvoker.invokeTestMethod(TestInvoker.java:230)
at org.testng.internal.invokers.MethodRunner.runInSequence(MethodRunner.java:63)
at org.testng.internal.invokers.TestInvoker$MethodInvocationAgent.invoke(TestInvoker.java:992)
at org.testng.internal.invokers.TestInvoker.invokeTestMethods(TestInvoker.java:203)
at org.testng.internal.invokers.TestMethodWorker.invokeTestMethods(TestMethodWorker.java:154)
at org.testng.internal.invokers.TestMethodWorker.run(TestMethodWorker.java:134)
at java.base/java.util.ArrayList.forEach(ArrayList.java:1511)
at org.testng.TestRunner.privateRun(TestRunner.java:739)
at org.testng.TestRunner.run(TestRunner.java:614)
at org.testng.SuiteRunner.runTest(SuiteRunner.java:421)
at org.testng.SuiteRunner.runSequentially(SuiteRunner.java:413)
at org.testng.SuiteRunner.privateRun(SuiteRunner.java:373)
at org.testng.SuiteRunner.run(SuiteRunner.java:312)
at org.testng.SuiteRunnerWorker.runSuite(SuiteRunnerWorker.java:52)
at org.testng.SuiteRunnerWorker.run(SuiteRunnerWorker.java:95)
at org.testng.TestNG.runSuitesSequentially(TestNG.java:1274)
at org.testng.TestNG.runSuitesLocally(TestNG.java:1208)
at org.testng.TestNG.runSuites(TestNG.java:1112)
at org.testng.TestNG.run(TestNG.java:1079)
at org.testng.remote.AbstractRemoteTestNG.run(AbstractRemoteTestNG.java:115)
at org.testng.remote.RemoteTestNG.initAndRun(RemoteTestNG.java:293)
at org.testng.remote.RemoteTestNG.main(RemoteTestNG.java:91)
]]>
    </error>
  </testcase> <!-- setup -->
  <testcase classname="demo1.RegisterAccountTests" name="registerAccountWithMandatoryFields" time="0.000">
    <skipped/>
  </testcase> <!-- registerAccountWithMandatoryFields -->
  <testcase classname="demo1.RegisterAccountTests" name="registerAccountWithAllFields" time="0.000">
    <skipped/>
  </testcase> <!-- registerAccountWithAllFields -->
  <testcase classname="demo1.RegisterAccountTests" name="registerWithoutProvidingAnyFields" time="0.000">
    <skipped/>
  </testcase> <!-- registerWithoutProvidingAnyFields -->
  <testcase classname="demo1.RegisterAccountTests" name="registerAccountBySelectingYesNewsletterOption" time="0.000">
    <skipped/>
  </testcase> <!-- registerAccountBySelectingYesNewsletterOption -->
  <testcase classname="demo1.RegisterAccountTests" name="registerAccountBySelectingNoNewsletterOption" time="0.000">
    <skipped/>
  </testcase> <!-- registerAccountBySelectingNoNewsletterOption -->
  <testcase classname="demo1.RegisterAccountTests" name="registerAccountPageNavigationsDifferentWays" time="0.000">
    <skipped/>
  </testcase> <!-- registerAccountPageNavigationsDifferentWays -->
  <testcase classname="demo1.RegisterAccountTests" name="registerAccountByProvidingMismatchingPasswords" time="0.001">
    <skipped/>
  </testcase> <!-- registerAccountByProvidingMismatchingPasswords -->
  <testcase classname="demo1.RegisterAccountTests" name="registerDuplicateAccountWithSameEmail" time="0.000">
    <skipped/>
  </testcase> <!-- registerDuplicateAccountWithSameEmail -->
  <testcase classname="demo1.RegisterAccountTests" name="registerAccountUsingInvalidEmailAddress" time="0.000">
    <skipped/>
  </testcase> <!-- registerAccountUsingInvalidEmailAddress -->
  <testcase classname="demo1.RegisterAccountTests" name="registerAccountUsingInvalidEmailAddress" time="0.000">
    <skipped/>
  </testcase> <!-- registerAccountUsingInvalidEmailAddress -->
  <testcase classname="demo1.RegisterAccountTests" name="registerAccountUsingInvalidEmailAddress" time="0.001">
    <skipped/>
  </testcase> <!-- registerAccountUsingInvalidEmailAddress -->
  <testcase classname="demo1.RegisterAccountTests" name="registerAccountUsingInvalidEmailAddress" time="0.000">
    <skipped/>
  </testcase> <!-- registerAccountUsingInvalidEmailAddress -->
  <testcase classname="demo1.RegisterAccountTests" name="registerAccountUsingInvalidTelephoneNumber" time="0.000">
    <skipped/>
  </testcase> <!-- registerAccountUsingInvalidTelephoneNumber -->
  <testcase classname="demo1.RegisterAccountTests" name="registerAccountUsingInvalidTelephoneNumber" time="0.000">
    <skipped/>
  </testcase> <!-- registerAccountUsingInvalidTelephoneNumber -->
  <testcase classname="demo1.RegisterAccountTests" name="registerAccountUsingKeyboardKeys" time="0.000">
    <skipped/>
  </testcase> <!-- registerAccountUsingKeyboardKeys -->
  <testcase classname="demo1.RegisterAccountTests" name="regiserAccountPlaceholdersChecking" time="0.000">
    <skipped/>
  </testcase> <!-- regiserAccountPlaceholdersChecking -->
  <testcase classname="demo1.RegisterAccountTests" name="registerAccountMandatoryFieldsAsterickSymbolCheck" time="0.000">
    <skipped/>
  </testcase> <!-- registerAccountMandatoryFieldsAsterickSymbolCheck -->
</testsuite> <!-- demo1.RegisterAccountTests -->
